The system is: FreeBSD - 10.0-RELEASE - amd64
Compiling the C compiler identification source file "CMakeCCompilerId.c" succeeded.
Compiler: /usr/bin/cc 
Build flags: 
Id flags: 

The output was:
0


Compilation of the C compiler identification source "CMakeCCompilerId.c" produced "a.out"

The C compiler identification is Clang, found in "/usr/home/Neuron/work/qt/TI2-build/CMakeFiles/2.8.12.1/CompilerIdC/a.out"

Compiling the CXX compiler identification source file "CMakeCXXCompilerId.cpp" succeeded.
Compiler: /usr/bin/CC 
Build flags: 
Id flags: 

The output was:
0


Compilation of the CXX compiler identification source "CMakeCXXCompilerId.cpp" produced "a.out"

The CXX compiler identification is Clang, found in "/usr/home/Neuron/work/qt/TI2-build/CMakeFiles/2.8.12.1/CompilerIdCXX/a.out"

Determining if the C compiler works passed with the following output:
Change Dir: /usr/home/Neuron/work/qt/TI2-build/CMakeFiles/CMakeTmp

Run Build Command:/usr/local/bin/gmake "cmTryCompileExec1365080324/fast"
gmake[1]: Entering directory `/usr/home/Neuron/work/qt/TI2-build/CMakeFiles/CMakeTmp'
/usr/local/bin/gmake -f CMakeFiles/cmTryCompileExec1365080324.dir/build.make CMakeFiles/cmTryCompileExec1365080324.dir/build
gmake[2]: Entering directory `/usr/home/Neuron/work/qt/TI2-build/CMakeFiles/CMakeTmp'
/usr/local/bin/cmake -E cmake_progress_report /usr/home/Neuron/work/qt/TI2-build/CMakeFiles/CMakeTmp/CMakeFiles 1
Building C object CMakeFiles/cmTryCompileExec1365080324.dir/testCCompiler.c.o
/usr/bin/cc    -o CMakeFiles/cmTryCompileExec1365080324.dir/testCCompiler.c.o   -c /usr/home/Neuron/work/qt/TI2-build/CMakeFiles/CMakeTmp/testCCompiler.c
Linking C executable cmTryCompileExec1365080324
/usr/local/bin/cmake -E cmake_link_script CMakeFiles/cmTryCompileExec1365080324.dir/link.txt --verbose=1
/usr/bin/cc       CMakeFiles/cmTryCompileExec1365080324.dir/testCCompiler.c.o  -o cmTryCompileExec1365080324  
gmake[2]: Leaving directory `/usr/home/Neuron/work/qt/TI2-build/CMakeFiles/CMakeTmp'
gmake[1]: Leaving directory `/usr/home/Neuron/work/qt/TI2-build/CMakeFiles/CMakeTmp'


Detecting C compiler ABI info compiled with the following output:
Change Dir: /usr/home/Neuron/work/qt/TI2-build/CMakeFiles/CMakeTmp

Run Build Command:/usr/local/bin/gmake "cmTryCompileExec2459616311/fast"
gmake[1]: Entering directory `/usr/home/Neuron/work/qt/TI2-build/CMakeFiles/CMakeTmp'
/usr/local/bin/gmake -f CMakeFiles/cmTryCompileExec2459616311.dir/build.make CMakeFiles/cmTryCompileExec2459616311.dir/build
gmake[2]: Entering directory `/usr/home/Neuron/work/qt/TI2-build/CMakeFiles/CMakeTmp'
/usr/local/bin/cmake -E cmake_progress_report /usr/home/Neuron/work/qt/TI2-build/CMakeFiles/CMakeTmp/CMakeFiles 1
Building C object CMakeFiles/cmTryCompileExec2459616311.dir/CMakeCCompilerABI.c.o
/usr/bin/cc    -o CMakeFiles/cmTryCompileExec2459616311.dir/CMakeCCompilerABI.c.o   -c /usr/local/share/cmake/Modules/CMakeCCompilerABI.c
Linking C executable cmTryCompileExec2459616311
/usr/local/bin/cmake -E cmake_link_script CMakeFiles/cmTryCompileExec2459616311.dir/link.txt --verbose=1
/usr/bin/cc     -v CMakeFiles/cmTryCompileExec2459616311.dir/CMakeCCompilerABI.c.o  -o cmTryCompileExec2459616311   
FreeBSD clang version 3.3 (tags/RELEASE_33/final 183502) 20130610
Target: x86_64-unknown-freebsd10.0
Thread model: posix
 "/usr/bin/ld" --eh-frame-hdr -dynamic-linker /libexec/ld-elf.so.1 --hash-style=both --enable-new-dtags -o cmTryCompileExec2459616311 /usr/lib/crt1.o /usr/lib/crti.o /usr/lib/crtbegin.o -L/usr/lib CMakeFiles/cmTryCompileExec2459616311.dir/CMakeCCompilerABI.c.o -lgcc --as-needed -lgcc_s --no-as-needed -lc -lgcc --as-needed -lgcc_s --no-as-needed /usr/lib/crtend.o /usr/lib/crtn.o
gmake[2]: Leaving directory `/usr/home/Neuron/work/qt/TI2-build/CMakeFiles/CMakeTmp'
gmake[1]: Leaving directory `/usr/home/Neuron/work/qt/TI2-build/CMakeFiles/CMakeTmp'


Parsed C implicit link information from above output:
  link line regex: [^( *|.*[/\])(ld|([^/\]+-)?ld|collect2)[^/\]*( |$)]
  ignore line: [Change Dir: /usr/home/Neuron/work/qt/TI2-build/CMakeFiles/CMakeTmp]
  ignore line: []
  ignore line: [Run Build Command:/usr/local/bin/gmake "cmTryCompileExec2459616311/fast"]
  ignore line: [gmake[1]: Entering directory `/usr/home/Neuron/work/qt/TI2-build/CMakeFiles/CMakeTmp']
  ignore line: [/usr/local/bin/gmake -f CMakeFiles/cmTryCompileExec2459616311.dir/build.make CMakeFiles/cmTryCompileExec2459616311.dir/build]
  ignore line: [gmake[2]: Entering directory `/usr/home/Neuron/work/qt/TI2-build/CMakeFiles/CMakeTmp']
  ignore line: [/usr/local/bin/cmake -E cmake_progress_report /usr/home/Neuron/work/qt/TI2-build/CMakeFiles/CMakeTmp/CMakeFiles 1]
  ignore line: [Building C object CMakeFiles/cmTryCompileExec2459616311.dir/CMakeCCompilerABI.c.o]
  ignore line: [/usr/bin/cc    -o CMakeFiles/cmTryCompileExec2459616311.dir/CMakeCCompilerABI.c.o   -c /usr/local/share/cmake/Modules/CMakeCCompilerABI.c]
  ignore line: [Linking C executable cmTryCompileExec2459616311]
  ignore line: [/usr/local/bin/cmake -E cmake_link_script CMakeFiles/cmTryCompileExec2459616311.dir/link.txt --verbose=1]
  ignore line: [/usr/bin/cc     -v CMakeFiles/cmTryCompileExec2459616311.dir/CMakeCCompilerABI.c.o  -o cmTryCompileExec2459616311   ]
  ignore line: [FreeBSD clang version 3.3 (tags/RELEASE_33/final 183502) 20130610]
  ignore line: [Target: x86_64-unknown-freebsd10.0]
  ignore line: [Thread model: posix]
  link line: [ "/usr/bin/ld" --eh-frame-hdr -dynamic-linker /libexec/ld-elf.so.1 --hash-style=both --enable-new-dtags -o cmTryCompileExec2459616311 /usr/lib/crt1.o /usr/lib/crti.o /usr/lib/crtbegin.o -L/usr/lib CMakeFiles/cmTryCompileExec2459616311.dir/CMakeCCompilerABI.c.o -lgcc --as-needed -lgcc_s --no-as-needed -lc -lgcc --as-needed -lgcc_s --no-as-needed /usr/lib/crtend.o /usr/lib/crtn.o]
    arg [/usr/bin/ld] ==> ignore
    arg [--eh-frame-hdr] ==> ignore
    arg [-dynamic-linker] ==> ignore
    arg [/libexec/ld-elf.so.1] ==> ignore
    arg [--hash-style=both] ==> ignore
    arg [--enable-new-dtags] ==> ignore
    arg [-o] ==> ignore
    arg [cmTryCompileExec2459616311] ==> ignore
    arg [/usr/lib/crt1.o] ==> ignore
    arg [/usr/lib/crti.o] ==> ignore
    arg [/usr/lib/crtbegin.o] ==> ignore
    arg [-L/usr/lib] ==> dir [/usr/lib]
    arg [CMakeFiles/cmTryCompileExec2459616311.dir/CMakeCCompilerABI.c.o] ==> ignore
    arg [-lgcc] ==> lib [gcc]
    arg [--as-needed] ==> ignore
    arg [-lgcc_s] ==> lib [gcc_s]
    arg [--no-as-needed] ==> ignore
    arg [-lc] ==> lib [c]
    arg [-lgcc] ==> lib [gcc]
    arg [--as-needed] ==> ignore
    arg [-lgcc_s] ==> lib [gcc_s]
    arg [--no-as-needed] ==> ignore
    arg [/usr/lib/crtend.o] ==> ignore
    arg [/usr/lib/crtn.o] ==> ignore
  remove lib [gcc]
  remove lib [gcc_s]
  remove lib [gcc]
  remove lib [gcc_s]
  collapse library dir [/usr/lib] ==> [/usr/lib]
  implicit libs: [c]
  implicit dirs: [/usr/lib]
  implicit fwks: []


Determining if the CXX compiler works passed with the following output:
Change Dir: /usr/home/Neuron/work/qt/TI2-build/CMakeFiles/CMakeTmp

Run Build Command:/usr/local/bin/gmake "cmTryCompileExec853443618/fast"
gmake[1]: Entering directory `/usr/home/Neuron/work/qt/TI2-build/CMakeFiles/CMakeTmp'
/usr/local/bin/gmake -f CMakeFiles/cmTryCompileExec853443618.dir/build.make CMakeFiles/cmTryCompileExec853443618.dir/build
gmake[2]: Entering directory `/usr/home/Neuron/work/qt/TI2-build/CMakeFiles/CMakeTmp'
/usr/local/bin/cmake -E cmake_progress_report /usr/home/Neuron/work/qt/TI2-build/CMakeFiles/CMakeTmp/CMakeFiles 1
Building CXX object CMakeFiles/cmTryCompileExec853443618.dir/testCXXCompiler.cxx.o
/usr/bin/CC     -o CMakeFiles/cmTryCompileExec853443618.dir/testCXXCompiler.cxx.o -c /usr/home/Neuron/work/qt/TI2-build/CMakeFiles/CMakeTmp/testCXXCompiler.cxx
Linking CXX executable cmTryCompileExec853443618
/usr/local/bin/cmake -E cmake_link_script CMakeFiles/cmTryCompileExec853443618.dir/link.txt --verbose=1
/usr/bin/CC        CMakeFiles/cmTryCompileExec853443618.dir/testCXXCompiler.cxx.o  -o cmTryCompileExec853443618  
gmake[2]: Leaving directory `/usr/home/Neuron/work/qt/TI2-build/CMakeFiles/CMakeTmp'
gmake[1]: Leaving directory `/usr/home/Neuron/work/qt/TI2-build/CMakeFiles/CMakeTmp'


Detecting CXX compiler ABI info compiled with the following output:
Change Dir: /usr/home/Neuron/work/qt/TI2-build/CMakeFiles/CMakeTmp

Run Build Command:/usr/local/bin/gmake "cmTryCompileExec1965914203/fast"
gmake[1]: Entering directory `/usr/home/Neuron/work/qt/TI2-build/CMakeFiles/CMakeTmp'
/usr/local/bin/gmake -f CMakeFiles/cmTryCompileExec1965914203.dir/build.make CMakeFiles/cmTryCompileExec1965914203.dir/build
gmake[2]: Entering directory `/usr/home/Neuron/work/qt/TI2-build/CMakeFiles/CMakeTmp'
/usr/local/bin/cmake -E cmake_progress_report /usr/home/Neuron/work/qt/TI2-build/CMakeFiles/CMakeTmp/CMakeFiles 1
Building CXX object CMakeFiles/cmTryCompileExec1965914203.dir/CMakeCXXCompilerABI.cpp.o
/usr/bin/CC     -o CMakeFiles/cmTryCompileExec1965914203.dir/CMakeCXXCompilerABI.cpp.o -c /usr/local/share/cmake/Modules/CMakeCXXCompilerABI.cpp
Linking CXX executable cmTryCompileExec1965914203
/usr/local/bin/cmake -E cmake_link_script CMakeFiles/cmTryCompileExec1965914203.dir/link.txt --verbose=1
/usr/bin/CC      -v CMakeFiles/cmTryCompileExec1965914203.dir/CMakeCXXCompilerABI.cpp.o  -o cmTryCompileExec1965914203   
FreeBSD clang version 3.3 (tags/RELEASE_33/final 183502) 20130610
Target: x86_64-unknown-freebsd10.0
Thread model: posix
 "/usr/bin/ld" --eh-frame-hdr -dynamic-linker /libexec/ld-elf.so.1 --hash-style=both --enable-new-dtags -o cmTryCompileExec1965914203 /usr/lib/crt1.o /usr/lib/crti.o /usr/lib/crtbegin.o -L/usr/lib CMakeFiles/cmTryCompileExec1965914203.dir/CMakeCXXCompilerABI.cpp.o -lc++ -lm -lgcc --as-needed -lgcc_s --no-as-needed -lc -lgcc --as-needed -lgcc_s --no-as-needed /usr/lib/crtend.o /usr/lib/crtn.o
gmake[2]: Leaving directory `/usr/home/Neuron/work/qt/TI2-build/CMakeFiles/CMakeTmp'
gmake[1]: Leaving directory `/usr/home/Neuron/work/qt/TI2-build/CMakeFiles/CMakeTmp'


Parsed CXX implicit link information from above output:
  link line regex: [^( *|.*[/\])(ld|([^/\]+-)?ld|collect2)[^/\]*( |$)]
  ignore line: [Change Dir: /usr/home/Neuron/work/qt/TI2-build/CMakeFiles/CMakeTmp]
  ignore line: []
  ignore line: [Run Build Command:/usr/local/bin/gmake "cmTryCompileExec1965914203/fast"]
  ignore line: [gmake[1]: Entering directory `/usr/home/Neuron/work/qt/TI2-build/CMakeFiles/CMakeTmp']
  ignore line: [/usr/local/bin/gmake -f CMakeFiles/cmTryCompileExec1965914203.dir/build.make CMakeFiles/cmTryCompileExec1965914203.dir/build]
  ignore line: [gmake[2]: Entering directory `/usr/home/Neuron/work/qt/TI2-build/CMakeFiles/CMakeTmp']
  ignore line: [/usr/local/bin/cmake -E cmake_progress_report /usr/home/Neuron/work/qt/TI2-build/CMakeFiles/CMakeTmp/CMakeFiles 1]
  ignore line: [Building CXX object CMakeFiles/cmTryCompileExec1965914203.dir/CMakeCXXCompilerABI.cpp.o]
  ignore line: [/usr/bin/CC     -o CMakeFiles/cmTryCompileExec1965914203.dir/CMakeCXXCompilerABI.cpp.o -c /usr/local/share/cmake/Modules/CMakeCXXCompilerABI.cpp]
  ignore line: [Linking CXX executable cmTryCompileExec1965914203]
  ignore line: [/usr/local/bin/cmake -E cmake_link_script CMakeFiles/cmTryCompileExec1965914203.dir/link.txt --verbose=1]
  ignore line: [/usr/bin/CC      -v CMakeFiles/cmTryCompileExec1965914203.dir/CMakeCXXCompilerABI.cpp.o  -o cmTryCompileExec1965914203   ]
  ignore line: [FreeBSD clang version 3.3 (tags/RELEASE_33/final 183502) 20130610]
  ignore line: [Target: x86_64-unknown-freebsd10.0]
  ignore line: [Thread model: posix]
  link line: [ "/usr/bin/ld" --eh-frame-hdr -dynamic-linker /libexec/ld-elf.so.1 --hash-style=both --enable-new-dtags -o cmTryCompileExec1965914203 /usr/lib/crt1.o /usr/lib/crti.o /usr/lib/crtbegin.o -L/usr/lib CMakeFiles/cmTryCompileExec1965914203.dir/CMakeCXXCompilerABI.cpp.o -lc++ -lm -lgcc --as-needed -lgcc_s --no-as-needed -lc -lgcc --as-needed -lgcc_s --no-as-needed /usr/lib/crtend.o /usr/lib/crtn.o]
    arg [/usr/bin/ld] ==> ignore
    arg [--eh-frame-hdr] ==> ignore
    arg [-dynamic-linker] ==> ignore
    arg [/libexec/ld-elf.so.1] ==> ignore
    arg [--hash-style=both] ==> ignore
    arg [--enable-new-dtags] ==> ignore
    arg [-o] ==> ignore
    arg [cmTryCompileExec1965914203] ==> ignore
    arg [/usr/lib/crt1.o] ==> ignore
    arg [/usr/lib/crti.o] ==> ignore
    arg [/usr/lib/crtbegin.o] ==> ignore
    arg [-L/usr/lib] ==> dir [/usr/lib]
    arg [CMakeFiles/cmTryCompileExec1965914203.dir/CMakeCXXCompilerABI.cpp.o] ==> ignore
    arg [-lc++] ==> lib [c++]
    arg [-lm] ==> lib [m]
    arg [-lgcc] ==> lib [gcc]
    arg [--as-needed] ==> ignore
    arg [-lgcc_s] ==> lib [gcc_s]
    arg [--no-as-needed] ==> ignore
    arg [-lc] ==> lib [c]
    arg [-lgcc] ==> lib [gcc]
    arg [--as-needed] ==> ignore
    arg [-lgcc_s] ==> lib [gcc_s]
    arg [--no-as-needed] ==> ignore
    arg [/usr/lib/crtend.o] ==> ignore
    arg [/usr/lib/crtn.o] ==> ignore
  remove lib [gcc]
  remove lib [gcc_s]
  remove lib [gcc]
  remove lib [gcc_s]
  collapse library dir [/usr/lib] ==> [/usr/lib]
  implicit libs: [c++;m;c]
  implicit dirs: [/usr/lib]
  implicit fwks: []


